{
  "RSpec": {
    "coverage": {
      "/Users/leopoldkwok/Google Drive/makersacademy/lessons/week7/tues/rock-paper-scissors-lizard-spock/ruby/lib/rock_paper_scissors.rb": [
        1,
        null,
        1,
        null,
        null,
        null,
        null,
        null,
        1,
        7,
        null,
        null,
        1,
        9,
        null,
        6,
        3,
        null,
        3,
        null,
        null,
        null,
        1,
        null,
        1,
        9,
        null,
        null,
        null,
        null,
        null,
        null,
        null,
        null,
        null,
        null,
        1,
        null,
        1,
        null,
        1,
        14,
        null,
        null,
        1,
        18,
        null,
        null,
        null
      ]
    },
    "timestamp": 1415989248
  }
}
